<?xml version="1.0" encoding="utf-8"?><testsuites><testsuite name="pytest" errors="0" failures="0" skipped="0" tests="4" time="0.111" timestamp="2025-03-11T21:15:50.121906+08:00" hostname="DESKTOP-UGEUUJA"><testcase classname="test_graph" name="test_add_edge" time="0.001" /><testcase classname="test_graph" name="test_get_accessible_vertices" time="0.001" /><testcase classname="test_graph" name="test_calculate_way_weight" time="0.001" /><testcase classname="test_graph" name="test_get_vertices" time="0.001" /></testsuite></testsuites>